<?xml version="1.0" encoding="UTF-8"?>
<testng-results ignored="0" total="1" passed="1" failed="0" skipped="0">
  <reporter-output>
  </reporter-output>
  <suite started-at="2024-03-22T11:22:59 IST" name="Default suite" finished-at="2024-03-22T11:23:05 IST" duration-ms="5151">
    <groups>
    </groups>
    <test started-at="2024-03-22T11:22:59 IST" name="Default test" finished-at="2024-03-22T11:23:05 IST" duration-ms="5151">
      <class name="Basic.OrgTest">
        <test-method signature="createOrgTest()[pri:0, instance:Basic.OrgTest@290222c1]" started-at="2024-03-22T11:23:00 IST" name="createOrgTest" finished-at="2024-03-22T11:23:05 IST" duration-ms="5086" status="PASS">
          <reporter-output>
          </reporter-output>
        </test-method> <!-- createOrgTest -->
      </class> <!-- Basic.OrgTest -->
    </test> <!-- Default test -->
  </suite> <!-- Default suite -->
</testng-results>
